\BOOKMARK [0][-]{chapter.1}{Projekt Status }{}% 1
\BOOKMARK [1][-]{section.1.1}{Status zu Sprint 1 }{chapter.1}% 2
\BOOKMARK [1][-]{section.1.2}{Status zu Woche 23 }{chapter.1}% 3
\BOOKMARK [1][-]{section.1.3}{Status zu Woche 23 }{chapter.1}% 4
\BOOKMARK [0][-]{chapter.2}{Sprint 1 }{}% 5
\BOOKMARK [1][-]{section.2.1}{Erledigte Punkte}{chapter.2}% 6
\BOOKMARK [1][-]{section.2.2}{Geplante Punkte}{chapter.2}% 7
\BOOKMARK [0][-]{chapter.3}{Sprint 2 }{}% 8
\BOOKMARK [1][-]{section.3.1}{Geplante Punkte}{chapter.3}% 9
\BOOKMARK [0][-]{chapter.4}{Sprint 3 }{}% 10
\BOOKMARK [1][-]{section.4.1}{Geplante Punkte}{chapter.4}% 11
\BOOKMARK [0][-]{chapter.5}{Projekt Definition }{}% 12
\BOOKMARK [1][-]{section.5.1}{Vergleich verschiedener Pegelwandlertechnologien }{chapter.5}% 13
\BOOKMARK [2][-]{subsection.5.1.1}{Abstract }{section.5.1}% 14
\BOOKMARK [2][-]{subsection.5.1.2}{Definition }{section.5.1}% 15
\BOOKMARK [2][-]{subsection.5.1.3}{Ziel / Ergebnis }{section.5.1}% 16
\BOOKMARK [1][-]{section.5.2}{Kontakte }{chapter.5}% 17
\BOOKMARK [2][-]{subsection.5.2.1}{Studenten }{section.5.2}% 18
\BOOKMARK [2][-]{subsection.5.2.2}{Dozent }{section.5.2}% 19
\BOOKMARK [0][-]{chapter.6}{Anhang}{}% 20
\BOOKMARK [1][-]{section.6.1}{Tabellenverzeichnis}{chapter.6}% 21
\BOOKMARK [1][-]{section.6.2}{Abbildungsverzeichnis}{chapter.6}% 22
\BOOKMARK [1][-]{section.6.3}{Quellcodeverzeichnis}{chapter.6}% 23
\BOOKMARK [1][-]{section.6.4}{Index}{chapter.6}% 24
\BOOKMARK [1][-]{section.6.5}{Literaturverzeichnis}{chapter.6}% 25
